Arguments: 
  C:\Program Files\nodejs\node.exe C:\Users\Jimmie Faulkner III\AppData\Roaming\npm\node_modules\yarn\bin\yarn.js init

PATH: 
  C:\Users\Jimmie Faulkner III\bin;C:\Program Files\Git\mingw64\bin;C:\Program Files\Git\usr\local\bin;C:\Program Files\Git\usr\bin;C:\Program Files\Git\usr\bin;C:\Program Files\Git\mingw64\bin;C:\Program Files\Git\usr\bin;C:\Users\Jimmie Faulkner III\bin;C:\Program Files (x86)\Common Files\Oracle\Java\javapath;C:\Python310\Scripts;C:\Python310;C:\Program Files (x86)\NVIDIA Corporation\PhysX\Common;C:\WINDOWS\system32;C:\WINDOWS;C:\WINDOWS\System32\Wbem;C:\WINDOWS\System32\WindowsPowerShell\v1.0;C:\WINDOWS\System32\OpenSSH;C:\Program Files\NVIDIA Corporation\NVIDIA NvDLISR;C:\Program Files\dotnet;C:\Program Files\Git\cmd;C:\ProgramData\chocolatey\bin;C:\Program Files\GitHub CLI;C:\wamp64\bin\php\php5.6.40;C:\ProgramData\ComposerSetup\bin;C:\Python27;C:\Python27\scripts;C:\Program Files\nodejs;C:\tools\php81;C:\Program Files\Cloudflare\Cloudflare WARP;C:\Program Files\MySQL\MySQL Shell 8.0\bin;C:\Users\Jimmie Faulkner III\AppData\Local\Programs\Python\Python311\Scripts;C:\Users\Jimmie Faulkner III\AppData\Local\Programs\Python\Python311;C:\Users\Jimmie Faulkner III\.cargo\bin;C:\Users\Jimmie Faulkner III\AppData\Local\Programs\Python\Python38\Scripts;C:\Users\Jimmie Faulkner III\AppData\Local\Programs\Python\Python38;C:\Users\Jimmie Faulkner III\AppData\Local\Microsoft\WindowsApps;C:\Users\Jimmie Faulkner III\AppData\Local\GitHubDesktop\bin;C:\Users\Jimmie Faulkner III\.dotnet\tools;C:\Users\Jimmie Faulkner III\AppData\Local\Programs\Microsoft VS Code\bin;C:\Program Files (x86)\BrowserStackLocal;C:\Program Files\heroku\bin;C:\Users\Jimmie Faulkner III\AppData\Roaming\Composer\vendor\bin;C:\Users\Jimmie Faulkner III\AppData\Local\Google\Cloud SDK\google-cloud-sdk\bin;C:\Users\Jimmie Faulkner III\AppData\Roaming\npm;C:\Program Files\Git\usr\bin\vendor_perl;C:\Program Files\Git\usr\bin\core_perl

Yarn version: 
  1.22.19

Node version: 
  18.12.1

Platform: 
  win32 x64

Trace: 
  Error: Can't answer a question unless a user TTY
      at ConsoleReporter.question (C:\Users\Jimmie Faulkner III\AppData\Roaming\npm\node_modules\yarn\lib\cli.js:92864:59)
      at Object.<anonymous> (C:\Users\Jimmie Faulkner III\AppData\Roaming\npm\node_modules\yarn\lib\cli.js:85054:38)
      at Generator.next (<anonymous>)
      at step (C:\Users\Jimmie Faulkner III\AppData\Roaming\npm\node_modules\yarn\lib\cli.js:310:30)
      at C:\Users\Jimmie Faulkner III\AppData\Roaming\npm\node_modules\yarn\lib\cli.js:321:13
      at process.processTicksAndRejections (node:internal/process/task_queues:95:5)

npm manifest: 
  No manifest

yarn manifest: 
  No manifest

Lockfile: 
  No lockfile
